SF:lib\core\infra\api_endpoints.dart
DA:36,2
DA:38,2
DA:40,2
DA:42,2
DA:44,2
DA:46,2
DA:48,2
DA:50,2
DA:52,2
DA:54,2
DA:56,2
DA:58,2
DA:60,2
DA:62,2
DA:64,2
DA:66,2
DA:68,2
DA:70,2
DA:72,2
DA:74,2
DA:76,2
DA:78,2
DA:80,2
DA:82,2
DA:84,2
DA:86,2
DA:88,2
DA:90,2
DA:92,2
DA:94,2
DA:96,2
DA:98,2
LF:32
LH:32
end_of_record
SF:lib\core\infra\api.dart
DA:6,1
DA:7,2
LF:2
LH:2
end_of_record
SF:lib\features\presentation\routes\routes.dart
DA:11,1
DA:12,1
DA:13,1
DA:14,1
DA:15,1
DA:16,1
DA:17,2
DA:18,1
DA:19,1
DA:20,1
DA:22,1
DA:23,1
LF:12
LH:12
end_of_record
SF:lib\features\presentation\screens\details_screen.dart
DA:4,2
DA:6,1
LF:2
LH:2
end_of_record
SF:lib\features\presentation\screens\home_screen.dart
DA:4,2
DA:6,1
LF:2
LH:2
end_of_record
SF:lib\features\presentation\screens\splash_screen.dart
DA:6,3
DA:8,2
DA:10,2
DA:11,2
DA:12,2
DA:13,2
DA:14,2
DA:16,2
DA:17,2
DA:22,2
DA:24,1
DA:25,1
DA:26,1
DA:27,1
DA:31,2
DA:33,2
LF:16
LH:16
end_of_record
